{
  "RSpec": {
    "coverage": {
      "/Users/Apple/Code/gaofei/dinosaur-game/app/controllers/application_controller.rb": [
        1,
        null,
        1,
        null,
        1,
        null,
        null,
        null,
        null,
        1,
        1,
        0,
        null,
        null,
        1,
        0,
        0,
        0,
        null,
        null,
        null
      ],
      "/Users/Apple/Code/gaofei/dinosaur-game/app/helpers/application_helper.rb": [
        1,
        null
      ],
      "/Users/Apple/Code/gaofei/dinosaur-game/app/helpers/sessions_helper.rb": [
        1,
        1,
        2,
        null,
        null,
        1,
        1,
        null,
        null
      ],
      "/Users/Apple/Code/gaofei/dinosaur-game/app/helpers/villages_helper.rb": [
        1,
        null
      ],
      "/Users/Apple/Code/gaofei/dinosaur-game/app/controllers/sessions_controller.rb": [
        1,
        null,
        1,
        null,
        1,
        null,
        1,
        2,
        null,
        2,
        1,
        null,
        null,
        2,
        2,
        null,
        null
      ],
      "/Users/Apple/Code/gaofei/dinosaur-game/app/models/session.rb": [
        1,
        1,
        1,
        1,
        null,
        1,
        1,
        1,
        null,
        1,
        null,
        1,
        2,
        null,
        null,
        1,
        1,
        2,
        null,
        null
      ],
      "/Users/Apple/Code/gaofei/dinosaur-game/app/controllers/villages_controller.rb": [
        1,
        null,
        1,
        0,
        0,
        null,
        null
      ],
      "/Users/Apple/Code/gaofei/dinosaur-game/app/models/village.rb": [
        1,
        1,
        1,
        1,
        null,
        1,
        null,
        1,
        1,
        null,
        1,
        1,
        null,
        null,
        null
      ],
      "/Users/Apple/Code/gaofei/dinosaur-game/app/models/building.rb": [
        1,
        1,
        1,
        1,
        null,
        1,
        1,
        null,
        1,
        0,
        null,
        null
      ],
      "/Users/Apple/Code/gaofei/dinosaur-game/app/models/player.rb": [
        1,
        null,
        1,
        1,
        1,
        1,
        1,
        1,
        null,
        1,
        1,
        1,
        1,
        null,
        1,
        12,
        12,
        12,
        null,
        null,
        null,
        1,
        1,
        null,
        null,
        1,
        2,
        null,
        null,
        1,
        1,
        null,
        null,
        null
      ]
    },
    "timestamp": 1334803027
  }
}
